<?xml version="1.0" encoding="UTF-8"?>
<testsuite xmlns:xsi="http://www.w3.org/2001/XMLSchema-instance" xsi:noNamespaceSchemaLocation="https://maven.apache.org/surefire/maven-surefire-plugin/xsd/surefire-test-report.xsd" version="3.0.2" name="TestSuite" time="91.774" tests="2" errors="0" skipped="0" failures="0">
  <properties>
[...]
</properties>
  <testcase name="testShouldAbleToLoginWithValidCredentials" classname="tests.LoginPageTest" time="16.039">
    <system-out><![CDATA[&amp#27;[36m[2025-09-18 09:49:36.744 IST]&amp#27;[m &amp#27;[32m[Thread ID: 3]&amp#27;[m &amp#27;[32m[INFO]&amp#27;[m Set up browser chrome with headless false, grid URL: null
&amp#27;[36m[2025-09-18 09:49:52.380 IST]&amp#27;[m &amp#27;[32m[Thread ID: 3]&amp#27;[m &amp#27;[32m[INFO]&amp#27;[m Using local WebDriver
&amp#27;[36m[2025-09-18 09:49:52.381 IST]&amp#27;[m &amp#27;[32m[Thread ID: 3]&amp#27;[m &amp#27;[32m[INFO]&amp#27;[m Launching application URL: https://sandbox20.cloudeagle.info/
&amp#27;[36m[2025-09-18 09:50:00.083 IST]&amp#27;[m &amp#27;[32m[Thread ID: 3]&amp#27;[m &amp#27;[32m[INFO]&amp#27;[m <=========== Test Started : testShouldAbleToLoginWithValidCredentials ===========>
&amp#27;[36m[2025-09-18 09:50:00.114 IST]&amp#27;[m &amp#27;[32m[Thread ID: 3]&amp#27;[m &amp#27;[32m[INFO]&amp#27;[m Send Keys 'support+sandbox20@cloudeagle.ai' to Element 'Email Field'
&amp#27;[36m[2025-09-18 09:50:03.289 IST]&amp#27;[m &amp#27;[32m[Thread ID: 3]&amp#27;[m &amp#27;[32m[INFO]&amp#27;[m Send Keys '******' to Element 'Password Field'
&amp#27;[36m[2025-09-18 09:50:03.530 IST]&amp#27;[m &amp#27;[32m[Thread ID: 3]&amp#27;[m &amp#27;[32m[INFO]&amp#27;[m Clicking on Element 'Sign In Button'
&amp#27;[36m[2025-09-18 09:50:03.785 IST]&amp#27;[m &amp#27;[32m[Thread ID: 3]&amp#27;[m &amp#27;[32m[INFO]&amp#27;[m Waiting for Element to visible 'Card Title' with replace values '[Managed Applications]'
&amp#27;[36m[2025-09-18 09:50:15.473 IST]&amp#27;[m &amp#27;[32m[Thread ID: 3]&amp#27;[m &amp#27;[32m[INFO]&amp#27;[m Waiting for Element to visible 'Profile Username' with replace values '[support+sandbox20@cloudeagle.ai]'
&amp#27;[36m[2025-09-18 09:50:16.079 IST]&amp#27;[m &amp#27;[32m[Thread ID: 3]&amp#27;[m &amp#27;[32m[INFO]&amp#27;[m Checking if Element is visible 'Dashboard Header'
]]></system-out>
    <system-err><![CDATA[SLF4J(W): No SLF4J providers were found.
SLF4J(W): Defaulting to no-operation (NOP) logger implementation
SLF4J(W): See https://www.slf4j.org/codes.html#noProviders for further details.
Sept 18, 2025 9:49:52 AM org.openqa.selenium.devtools.CdpVersionFinder findNearestMatch
WARNING: Unable to find an exact match for CDP version 140, returning the closest version; found: 139; Please update to a Selenium version that supports CDP version 140
]]></system-err>
  </testcase>
  <testcase name="testVerifyManagedApplicationsCountShownInDashboard" classname="tests.DashboardPageTest" time="36.554">
    <system-out><![CDATA[&amp#27;[36m[2025-09-18 09:50:16.129 IST]&amp#27;[m &amp#27;[32m[Thread ID: 3]&amp#27;[m &amp#27;[32m[INFO]&amp#27;[m <=========== Test Passed : testShouldAbleToLoginWithValidCredentials ===========>

&amp#27;[36m[2025-09-18 09:50:18.613 IST]&amp#27;[m &amp#27;[32m[Thread ID: 3]&amp#27;[m &amp#27;[32m[INFO]&amp#27;[m Set up browser chrome with headless false, grid URL: null
&amp#27;[36m[2025-09-18 09:50:22.007 IST]&amp#27;[m &amp#27;[32m[Thread ID: 3]&amp#27;[m &amp#27;[32m[INFO]&amp#27;[m Using local WebDriver
&amp#27;[36m[2025-09-18 09:50:22.008 IST]&amp#27;[m &amp#27;[32m[Thread ID: 3]&amp#27;[m &amp#27;[32m[INFO]&amp#27;[m Launching application URL: https://sandbox20.cloudeagle.info/
&amp#27;[36m[2025-09-18 09:50:28.099 IST]&amp#27;[m &amp#27;[32m[Thread ID: 3]&amp#27;[m &amp#27;[32m[INFO]&amp#27;[m <=========== Test Started : testVerifyManagedApplicationsCountShownInDashboard ===========>
&amp#27;[36m[2025-09-18 09:50:28.101 IST]&amp#27;[m &amp#27;[32m[Thread ID: 3]&amp#27;[m &amp#27;[32m[INFO]&amp#27;[m Send Keys 'support+sandbox20@cloudeagle.ai' to Element 'Email Field'
&amp#27;[36m[2025-09-18 09:50:31.059 IST]&amp#27;[m &amp#27;[32m[Thread ID: 3]&amp#27;[m &amp#27;[32m[INFO]&amp#27;[m Send Keys '******' to Element 'Password Field'
&amp#27;[36m[2025-09-18 09:50:31.191 IST]&amp#27;[m &amp#27;[32m[Thread ID: 3]&amp#27;[m &amp#27;[32m[INFO]&amp#27;[m Clicking on Element 'Sign In Button'
&amp#27;[36m[2025-09-18 09:50:31.458 IST]&amp#27;[m &amp#27;[32m[Thread ID: 3]&amp#27;[m &amp#27;[32m[INFO]&amp#27;[m Waiting for Element to visible 'Card Title' with replace values '[Managed Applications]'
&amp#27;[36m[2025-09-18 09:50:42.201 IST]&amp#27;[m &amp#27;[32m[Thread ID: 3]&amp#27;[m &amp#27;[32m[INFO]&amp#27;[m Waiting for Element to visible 'Profile Username' with replace values '[support+sandbox20@cloudeagle.ai]'
&amp#27;[36m[2025-09-18 09:50:42.237 IST]&amp#27;[m &amp#27;[32m[Thread ID: 3]&amp#27;[m &amp#27;[32m[INFO]&amp#27;[m Checking if Element is visible 'Dashboard Header'
&amp#27;[36m[2025-09-18 09:50:42.270 IST]&amp#27;[m &amp#27;[32m[Thread ID: 3]&amp#27;[m &amp#27;[32m[INFO]&amp#27;[m Getting text from Element 'Card Count Text' with replace values '[Managed Applications]'
&amp#27;[36m[2025-09-18 09:50:42.325 IST]&amp#27;[m &amp#27;[32m[Thread ID: 3]&amp#27;[m &amp#27;[32m[INFO]&amp#27;[m Clicking on Element 'Side Nav Menu' with replace values '[Applications]'
&amp#27;[36m[2025-09-18 09:50:42.469 IST]&amp#27;[m &amp#27;[32m[Thread ID: 3]&amp#27;[m &amp#27;[32m[INFO]&amp#27;[m [Actions] Moving on Element 'Applications'
&amp#27;[36m[2025-09-18 09:50:42.651 IST]&amp#27;[m &amp#27;[32m[Thread ID: 3]&amp#27;[m &amp#27;[32m[INFO]&amp#27;[m Waiting for Element to visible 'Applications Header'
&amp#27;[36m[2025-09-18 09:50:46.182 IST]&amp#27;[m &amp#27;[32m[Thread ID: 3]&amp#27;[m &amp#27;[32m[INFO]&amp#27;[m Waiting for Element to visible 'Card Container'
&amp#27;[36m[2025-09-18 09:50:46.221 IST]&amp#27;[m &amp#27;[32m[Thread ID: 3]&amp#27;[m &amp#27;[32m[INFO]&amp#27;[m Waiting for Element to visible 'Table Container'
&amp#27;[36m[2025-09-18 09:50:48.389 IST]&amp#27;[m &amp#27;[32m[Thread ID: 3]&amp#27;[m &amp#27;[32m[INFO]&amp#27;[m Getting Number of Elements 'Table Rows with Data Key' with replace values '[-1]'
&amp#27;[36m[2025-09-18 09:50:48.602 IST]&amp#27;[m &amp#27;[32m[Thread ID: 3]&amp#27;[m &amp#27;[32m[INFO]&amp#27;[m Scrolling into Element 'Last Visible Row'
&amp#27;[36m[2025-09-18 09:50:48.620 IST]&amp#27;[m &amp#27;[32m[Thread ID: 3]&amp#27;[m &amp#27;[32m[INFO]&amp#27;[m Getting Number of Elements 'Table Rows with Data Key' with replace values '[10]'
&amp#27;[36m[2025-09-18 09:50:49.001 IST]&amp#27;[m &amp#27;[32m[Thread ID: 3]&amp#27;[m &amp#27;[32m[INFO]&amp#27;[m Scrolling into Element 'Last Visible Row'
&amp#27;[36m[2025-09-18 09:50:49.016 IST]&amp#27;[m &amp#27;[32m[Thread ID: 3]&amp#27;[m &amp#27;[32m[INFO]&amp#27;[m Getting Number of Elements 'Table Rows with Data Key' with replace values '[20]'
&amp#27;[36m[2025-09-18 09:50:49.347 IST]&amp#27;[m &amp#27;[32m[Thread ID: 3]&amp#27;[m &amp#27;[32m[INFO]&amp#27;[m Scrolling into Element 'Last Visible Row'
&amp#27;[36m[2025-09-18 09:50:49.375 IST]&amp#27;[m &amp#27;[32m[Thread ID: 3]&amp#27;[m &amp#27;[32m[INFO]&amp#27;[m Getting Number of Elements 'Table Rows with Data Key' with replace values '[29]'
&amp#27;[36m[2025-09-18 09:50:59.453 IST]&amp#27;[m &amp#27;[32m[Thread ID: 3]&amp#27;[m &amp#27;[32m[INFO]&amp#27;[m Checking if Element is visible 'Enabled Table Next Page Icon'
&amp#27;[36m[2025-09-18 09:51:04.652 IST]&amp#27;[m &amp#27;[32m[Thread ID: 3]&amp#27;[m &amp#27;[32m[INFO]&amp#27;[m Element 'Enabled Table Next Page Icon' is not visible
]]></system-out>
    <system-err><![CDATA[Sept 18, 2025 9:50:22 AM org.openqa.selenium.devtools.CdpVersionFinder findNearestMatch
WARNING: Unable to find an exact match for CDP version 140, returning the closest version; found: 139; Please update to a Selenium version that supports CDP version 140
]]></system-err>
  </testcase>
</testsuite>